<?xml version="1.0" encoding="UTF-8"?>
<testsuite name="com.som.transaction.SpringTransactionalApplicationTests" tests="1" skipped="0" failures="0" errors="0" timestamp="2024-05-26T18:12:58" hostname="Somnaths-MacBook-Pro.local" time="0.331">
  <properties/>
  <testcase name="contextLoads()" classname="com.som.transaction.SpringTransactionalApplicationTests" time="0.331"/>
  <system-out><![CDATA[23:42:56.731 [Test worker] INFO org.springframework.test.context.support.AnnotationConfigContextLoaderUtils -- Could not detect default configuration classes for test class [com.som.transaction.SpringTransactionalApplicationTests]: SpringTransactionalApplicationTests does not declare any static, non-private, non-final, nested classes annotated with @Configuration.
23:42:56.771 [Test worker] INFO org.springframework.boot.test.context.SpringBootTestContextBootstrapper -- Found @SpringBootConfiguration com.som.transaction.SpringTransactionalApplication for test class com.som.transaction.SpringTransactionalApplicationTests
  .   ____          _            __ _ _
 /\\ / ___'_ __ _ _(_)_ __  __ _ \ \ \ \
( ( )\___ | '_ | '_| | '_ \/ _` | \ \ \ \
 \\/  ___)| |_)| | | | | || (_| |  ) ) ) )
  '  |____| .__|_| |_|_| |_\__, | / / / /
 =========|_|==============|___/=/_/_/_/

 :: Spring Boot ::                (v3.3.0)

2024-05-26T23:42:56.919+05:30  INFO 5556 --- [Spring-Transactional] [    Test worker] .s.t.SpringTransactionalApplicationTests : Starting SpringTransactionalApplicationTests using Java 17.0.5 with PID 5556 (started by somnathmukherjee in /Users/somnathmukherjee/Documents/spring-transactional)
2024-05-26T23:42:56.920+05:30  INFO 5556 --- [Spring-Transactional] [    Test worker] .s.t.SpringTransactionalApplicationTests : No active profile set, falling back to 1 default profile: "default"
2024-05-26T23:42:57.178+05:30  INFO 5556 --- [Spring-Transactional] [    Test worker] .s.d.r.c.RepositoryConfigurationDelegate : Bootstrapping Spring Data JPA repositories in DEFAULT mode.
2024-05-26T23:42:57.185+05:30  INFO 5556 --- [Spring-Transactional] [    Test worker] .s.d.r.c.RepositoryConfigurationDelegate : Finished Spring Data repository scanning in 4 ms. Found 0 JPA repository interfaces.
2024-05-26T23:42:57.341+05:30  INFO 5556 --- [Spring-Transactional] [    Test worker] com.zaxxer.hikari.HikariDataSource       : HikariPool-1 - Starting...
2024-05-26T23:42:57.411+05:30  INFO 5556 --- [Spring-Transactional] [    Test worker] com.zaxxer.hikari.pool.HikariPool        : HikariPool-1 - Added connection conn0: url=jdbc:h2:mem:de3fdf87-cd12-431f-9639-fe548c79f7d5 user=SA
2024-05-26T23:42:57.412+05:30  INFO 5556 --- [Spring-Transactional] [    Test worker] com.zaxxer.hikari.HikariDataSource       : HikariPool-1 - Start completed.
2024-05-26T23:42:57.431+05:30  INFO 5556 --- [Spring-Transactional] [    Test worker] o.hibernate.jpa.internal.util.LogHelper  : HHH000204: Processing PersistenceUnitInfo [name: default]
2024-05-26T23:42:57.453+05:30  INFO 5556 --- [Spring-Transactional] [    Test worker] org.hibernate.Version                    : HHH000412: Hibernate ORM core version 6.5.2.Final
2024-05-26T23:42:57.469+05:30  INFO 5556 --- [Spring-Transactional] [    Test worker] o.h.c.internal.RegionFactoryInitiator    : HHH000026: Second-level cache disabled
2024-05-26T23:42:57.588+05:30  INFO 5556 --- [Spring-Transactional] [    Test worker] o.s.o.j.p.SpringPersistenceUnitInfo      : No LoadTimeWeaver setup: ignoring JPA class transformer
2024-05-26T23:42:57.748+05:30  INFO 5556 --- [Spring-Transactional] [    Test worker] o.h.e.t.j.p.i.JtaPlatformInitiator       : HHH000489: No JTA platform available (set 'hibernate.transaction.jta.platform' to enable JTA platform integration)
2024-05-26T23:42:57.750+05:30  INFO 5556 --- [Spring-Transactional] [    Test worker] j.LocalContainerEntityManagerFactoryBean : Initialized JPA EntityManagerFactory for persistence unit 'default'
2024-05-26T23:42:57.814+05:30  WARN 5556 --- [Spring-Transactional] [    Test worker] JpaBaseConfiguration$JpaWebConfiguration : spring.jpa.open-in-view is enabled by default. Therefore, database queries may be performed during view rendering. Explicitly configure spring.jpa.open-in-view to disable this warning
2024-05-26T23:42:58.000+05:30  INFO 5556 --- [Spring-Transactional] [    Test worker] .s.t.SpringTransactionalApplicationTests : Started SpringTransactionalApplicationTests in 1.175 seconds (process running for 1.622)
]]></system-out>
  <system-err><![CDATA[]]></system-err>
</testsuite>
